This is pdfTeX, Version 3.14159265-2.6-1.40.21 (MiKTeX 20.10) (preloaded format=pdflatex 2020.10.28)  16 JUN 2021 13:27
entering extended mode
**./value_based_recomm.tex
(value_based_recomm.tex
LaTeX2e <2020-10-01> patch level 2
L3 programming layer <2020-10-05> xparse <2020-03-03>
("/Users/adkiran/Library/Application Support/MiKTeX/texmfs/install/tex/latex/ba
se/article.cls"
Document Class: article 2020/04/10 v1.4m Standard LaTeX document class

("/Users/adkiran/Library/Application Support/MiKTeX/texmfs/install/tex/latex/ba
se/size10.clo"
File: size10.clo 2020/04/10 v1.4m Standard LaTeX file (size option)
)
\c@part=\count175
\c@section=\count176
\c@subsection=\count177
\c@subsubsection=\count178
\c@paragraph=\count179
\c@subparagraph=\count180
\c@figure=\count181
\c@table=\count182
\abovecaptionskip=\skip47
\belowcaptionskip=\skip48
\bibindent=\dimen138
)
("/Users/adkiran/Library/Application Support/MiKTeX/texmfs/install/tex/latex/ba
se/inputenc.sty"
Package: inputenc 2020/08/01 v1.3d Input encoding file
\inpenc@prehook=\toks15
\inpenc@posthook=\toks16
)
("/Users/adkiran/Library/Application Support/MiKTeX/texmfs/install/tex/latex/fl
oat/float.sty"
Package: float 2001/11/08 v1.3d Float enhancements (AL)
\c@float@type=\count183
\float@exts=\toks17
\float@box=\box47
\@float@everytoks=\toks18
\@floatcapt=\box48
)
("/Users/adkiran/Library/Application Support/MiKTeX/texmfs/install/tex/latex/hy
perref/hyperref.sty"
Package: hyperref 2020-05-15 v7.00e Hypertext links for LaTeX

("/Users/adkiran/Library/Application Support/MiKTeX/texmfs/install/tex/generic/
ltxcmds/ltxcmds.sty"
Package: ltxcmds 2020-05-10 v1.25 LaTeX kernel commands for general use (HO)
)
("/Users/adkiran/Library/Application Support/MiKTeX/texmfs/install/tex/generic/
iftex/iftex.sty"
Package: iftex 2020/03/06 v1.0d TeX engine tests
)
("/Users/adkiran/Library/Application Support/MiKTeX/texmfs/install/tex/generic/
pdftexcmds/pdftexcmds.sty"
Package: pdftexcmds 2020-06-27 v0.33 Utility functions of pdfTeX for LuaTeX (HO
)

("/Users/adkiran/Library/Application Support/MiKTeX/texmfs/install/tex/generic/
infwarerr/infwarerr.sty"
Package: infwarerr 2019/12/03 v1.5 Providing info/warning/error messages (HO)
)
Package pdftexcmds Info: \pdf@primitive is available.
Package pdftexcmds Info: \pdf@ifprimitive is available.
Package pdftexcmds Info: \pdfdraftmode found.
)
("/Users/adkiran/Library/Application Support/MiKTeX/texmfs/install/tex/latex/gr
aphics/keyval.sty"
Package: keyval 2014/10/28 v1.15 key=value parser (DPC)
\KV@toks@=\toks19
)
("/Users/adkiran/Library/Application Support/MiKTeX/texmfs/install/tex/generic/
kvsetkeys/kvsetkeys.sty"
Package: kvsetkeys 2019/12/15 v1.18 Key value parser (HO)
)
("/Users/adkiran/Library/Application Support/MiKTeX/texmfs/install/tex/generic/
kvdefinekeys/kvdefinekeys.sty"
Package: kvdefinekeys 2019-12-19 v1.6 Define keys (HO)
)
("/Users/adkiran/Library/Application Support/MiKTeX/texmfs/install/tex/generic/
pdfescape/pdfescape.sty"
Package: pdfescape 2019/12/09 v1.15 Implements pdfTeX's escape features (HO)
)
("/Users/adkiran/Library/Application Support/MiKTeX/texmfs/install/tex/latex/hy
color/hycolor.sty"
Package: hycolor 2020-01-27 v1.10 Color options for hyperref/bookmark (HO)
)
("/Users/adkiran/Library/Application Support/MiKTeX/texmfs/install/tex/latex/le
tltxmacro/letltxmacro.sty"
Package: letltxmacro 2019/12/03 v1.6 Let assignment for LaTeX macros (HO)
)
("/Users/adkiran/Library/Application Support/MiKTeX/texmfs/install/tex/latex/au
xhook/auxhook.sty"
Package: auxhook 2019-12-17 v1.6 Hooks for auxiliary files (HO)
)
("/Users/adkiran/Library/Application Support/MiKTeX/texmfs/install/tex/latex/kv
options/kvoptions.sty"
Package: kvoptions 2020-10-07 v3.14 Key value format for package options (HO)
)
\@linkdim=\dimen139
\Hy@linkcounter=\count184
\Hy@pagecounter=\count185

("/Users/adkiran/Library/Application Support/MiKTeX/texmfs/install/tex/latex/hy
perref/pd1enc.def"
File: pd1enc.def 2020-05-15 v7.00e Hyperref: PDFDocEncoding definition (HO)
Now handling font encoding PD1 ...
... no UTF-8 mapping file for font encoding PD1
)
("/Users/adkiran/Library/Application Support/MiKTeX/texmfs/install/tex/generic/
intcalc/intcalc.sty"
Package: intcalc 2019/12/15 v1.3 Expandable calculations with integers (HO)
)
("/Users/adkiran/Library/Application Support/MiKTeX/texmfs/install/tex/generic/
etexcmds/etexcmds.sty"
Package: etexcmds 2019/12/15 v1.7 Avoid name clashes with e-TeX commands (HO)
)
\Hy@SavedSpaceFactor=\count186
Package hyperref Info: Option `CJKbookmarks' set `true' on input line 4338.
Package hyperref Info: Option `bookmarksnumbered' set `true' on input line 4338
.
Package hyperref Info: Option `bookmarksopen' set `true' on input line 4338.
Package hyperref Info: Option `colorlinks' set `true' on input line 4338.


Package hyperref Warning: Invalid value `001'
(hyperref)                for option `pdfborder'.
(hyperref)                Option setting is ignored on input line 4338.

Package hyperref Info: Hyper figures OFF on input line 4464.
Package hyperref Info: Link nesting OFF on input line 4469.
Package hyperref Info: Hyper index ON on input line 4472.
Package hyperref Info: Plain pages OFF on input line 4479.
Package hyperref Info: Backreferencing OFF on input line 4484.
Package hyperref Info: Implicit mode ON; LaTeX internals redefined.
Package hyperref Info: Bookmarks ON on input line 4717.
\c@Hy@tempcnt=\count187

("/Users/adkiran/Library/Application Support/MiKTeX/texmfs/install/tex/latex/ur
l/url.sty"
\Urlmuskip=\muskip16
Package: url 2013/09/16  ver 3.4  Verb mode for urls, etc.
)
LaTeX Info: Redefining \url on input line 5076.
\XeTeXLinkMargin=\dimen140

("/Users/adkiran/Library/Application Support/MiKTeX/texmfs/install/tex/generic/
bitset/bitset.sty"
Package: bitset 2019/12/09 v1.3 Handle bit-vector datatype (HO)

("/Users/adkiran/Library/Application Support/MiKTeX/texmfs/install/tex/generic/
bigintcalc/bigintcalc.sty"
Package: bigintcalc 2019/12/15 v1.5 Expandable calculations on big integers (HO
)
))
\Fld@menulength=\count188
\Field@Width=\dimen141
\Fld@charsize=\dimen142
Package hyperref Info: Hyper figures OFF on input line 6347.
Package hyperref Info: Link nesting OFF on input line 6352.
Package hyperref Info: Hyper index ON on input line 6355.
Package hyperref Info: backreferencing OFF on input line 6362.
Package hyperref Info: Link coloring ON on input line 6365.
Package hyperref Info: Link coloring with OCG OFF on input line 6372.
Package hyperref Info: PDF/A mode OFF on input line 6377.
LaTeX Info: Redefining \ref on input line 6417.
LaTeX Info: Redefining \pageref on input line 6421.

("/Users/adkiran/Library/Application Support/MiKTeX/texmfs/install/tex/latex/ba
se/atbegshi-ltx.sty"
Package: atbegshi-ltx 2020/08/17 v1.0a Emulation of the original atbegshi packa
ge
with kernel methods
)
\Hy@abspage=\count189
\c@Item=\count190
\c@Hfootnote=\count191
)
Package hyperref Info: Driver (autodetected): hpdftex.

("/Users/adkiran/Library/Application Support/MiKTeX/texmfs/install/tex/latex/hy
perref/hpdftex.def"
File: hpdftex.def 2020-05-15 v7.00e Hyperref driver for pdfTeX

("/Users/adkiran/Library/Application Support/MiKTeX/texmfs/install/tex/latex/ba
se/atveryend-ltx.sty"
Package: atveryend-ltx 2020/08/19 v1.0a Emulation of the original atvery packag
e
with kernel methods
)
\Fld@listcount=\count192
\c@bookmark@seq@number=\count193

("/Users/adkiran/Library/Application Support/MiKTeX/texmfs/install/tex/latex/re
runfilecheck/rerunfilecheck.sty"
Package: rerunfilecheck 2019/12/05 v1.9 Rerun checks for auxiliary files (HO)

("/Users/adkiran/Library/Application Support/MiKTeX/texmfs/install/tex/generic/
uniquecounter/uniquecounter.sty"
Package: uniquecounter 2019/12/15 v1.4 Provide unlimited unique counter (HO)
)
Package uniquecounter Info: New unique counter `rerunfilecheck' on input line 2
86.
)
\Hy@SectionHShift=\skip49
)
("/Users/adkiran/Library/Application Support/MiKTeX/texmfs/install/tex/latex/ra
gged2e/ragged2e.sty"
Package: ragged2e 2019/07/28 v2.2 ragged2e Package (MS)

("/Users/adkiran/Library/Application Support/MiKTeX/texmfs/install/tex/latex/ms
/everysel.sty"
Package: everysel 2011/10/28 v1.2 EverySelectfont Package (MS)
)
\CenteringLeftskip=\skip50
\RaggedLeftLeftskip=\skip51
\RaggedRightLeftskip=\skip52
\CenteringRightskip=\skip53
\RaggedLeftRightskip=\skip54
\RaggedRightRightskip=\skip55
\CenteringParfillskip=\skip56
\RaggedLeftParfillskip=\skip57
\RaggedRightParfillskip=\skip58
\JustifyingParfillskip=\skip59
\CenteringParindent=\skip60
\RaggedLeftParindent=\skip61
\RaggedRightParindent=\skip62
\JustifyingParindent=\skip63
)
("/Users/adkiran/Library/Application Support/MiKTeX/texmfs/install/tex/latex/am
smath/amsmath.sty"
Package: amsmath 2020/09/23 v2.17i AMS math features
\@mathmargin=\skip64

For additional information on amsmath, use the `?' option.

("/Users/adkiran/Library/Application Support/MiKTeX/texmfs/install/tex/latex/am
smath/amstext.sty"
Package: amstext 2000/06/29 v2.01 AMS text

("/Users/adkiran/Library/Application Support/MiKTeX/texmfs/install/tex/latex/am
smath/amsgen.sty"
File: amsgen.sty 1999/11/30 v2.0 generic functions
\@emptytoks=\toks20
\ex@=\dimen143
))
("/Users/adkiran/Library/Application Support/MiKTeX/texmfs/install/tex/latex/am
smath/amsbsy.sty"
Package: amsbsy 1999/11/29 v1.2d Bold Symbols
\pmbraise@=\dimen144
)
("/Users/adkiran/Library/Application Support/MiKTeX/texmfs/install/tex/latex/am
smath/amsopn.sty"
Package: amsopn 2016/03/08 v2.02 operator names
)
\inf@bad=\count194
LaTeX Info: Redefining \frac on input line 234.
\uproot@=\count195
\leftroot@=\count196
LaTeX Info: Redefining \overline on input line 399.
\classnum@=\count197
\DOTSCASE@=\count198
LaTeX Info: Redefining \ldots on input line 496.
LaTeX Info: Redefining \dots on input line 499.
LaTeX Info: Redefining \cdots on input line 620.
\Mathstrutbox@=\box49
\strutbox@=\box50
\big@size=\dimen145
LaTeX Font Info:    Redeclaring font encoding OML on input line 743.
LaTeX Font Info:    Redeclaring font encoding OMS on input line 744.
\macc@depth=\count199
\c@MaxMatrixCols=\count266
\dotsspace@=\muskip17
\c@parentequation=\count267
\dspbrk@lvl=\count268
\tag@help=\toks21
\row@=\count269
\column@=\count270
\maxfields@=\count271
\andhelp@=\toks22
\eqnshift@=\dimen146
\alignsep@=\dimen147
\tagshift@=\dimen148
\tagwidth@=\dimen149
\totwidth@=\dimen150
\lineht@=\dimen151
\@envbody=\toks23
\multlinegap=\skip65
\multlinetaggap=\skip66
\mathdisplay@stack=\toks24
LaTeX Info: Redefining \[ on input line 2923.
LaTeX Info: Redefining \] on input line 2924.
)
("/Users/adkiran/Library/Application Support/MiKTeX/texmfs/install/tex/latex/la
tex-tools/array.sty"
Package: array 2020/10/01 v2.5c Tabular extension package (FMi)
\col@sep=\dimen152
\ar@mcellbox=\box51
\extrarowheight=\dimen153
\NC@list=\toks25
\extratabsurround=\skip67
\backup@length=\skip68
\ar@cellbox=\box52
)
("/Users/adkiran/Library/Application Support/MiKTeX/texmfs/install/tex/latex/am
sfonts/amsfonts.sty"
Package: amsfonts 2013/01/14 v3.01 Basic AMSFonts support
\symAMSa=\mathgroup4
\symAMSb=\mathgroup5
LaTeX Font Info:    Redeclaring math symbol \hbar on input line 98.
LaTeX Font Info:    Overwriting math alphabet `\mathfrak' in version `bold'
(Font)                  U/euf/m/n --> U/euf/b/n on input line 106.
)
("/Users/adkiran/Library/Application Support/MiKTeX/texmfs/install/tex/latex/tc
olorbox/tcolorbox.sty"
Package: tcolorbox 2020/10/09 version 4.42 text color boxes

("/Users/adkiran/Library/Application Support/MiKTeX/texmfs/install/tex/latex/pg
f/basiclayer/pgf.sty"
("/Users/adkiran/Library/Application Support/MiKTeX/texmfs/install/tex/latex/pg
f/utilities/pgfrcs.sty"
("/Users/adkiran/Library/Application Support/MiKTeX/texmfs/install/tex/generic/
pgf/utilities/pgfutil-common.tex"
\pgfutil@everybye=\toks26
\pgfutil@tempdima=\dimen154
\pgfutil@tempdimb=\dimen155

("/Users/adkiran/Library/Application Support/MiKTeX/texmfs/install/tex/generic/
pgf/utilities/pgfutil-common-lists.tex"))
("/Users/adkiran/Library/Application Support/MiKTeX/texmfs/install/tex/generic/
pgf/utilities/pgfutil-latex.def"
\pgfutil@abb=\box53
)
("/Users/adkiran/Library/Application Support/MiKTeX/texmfs/install/tex/generic/
pgf/utilities/pgfrcs.code.tex"
("/Users/adkiran/Library/Application Support/MiKTeX/texmfs/install/tex/generic/
pgf/pgf.revision.tex")
Package: pgfrcs 2020/10/01 v3.1.6a (3.1.6a)
))
Package: pgf 2020/10/01 v3.1.6a (3.1.6a)

("/Users/adkiran/Library/Application Support/MiKTeX/texmfs/install/tex/latex/pg
f/basiclayer/pgfcore.sty"
("/Users/adkiran/Library/Application Support/MiKTeX/texmfs/install/tex/latex/gr
aphics/graphicx.sty"
Package: graphicx 2020/09/09 v1.2b Enhanced LaTeX Graphics (DPC,SPQR)

("/Users/adkiran/Library/Application Support/MiKTeX/texmfs/install/tex/latex/gr
aphics/graphics.sty"
Package: graphics 2020/08/30 v1.4c Standard LaTeX Graphics (DPC,SPQR)

("/Users/adkiran/Library/Application Support/MiKTeX/texmfs/install/tex/latex/gr
aphics/trig.sty"
Package: trig 2016/01/03 v1.10 sin cos tan (DPC)
)
("/Users/adkiran/Library/Application Support/MiKTeX/texmfs/install/tex/latex/gr
aphics-cfg/graphics.cfg"
File: graphics.cfg 2016/06/04 v1.11 sample graphics configuration
)
Package graphics Info: Driver file: pdftex.def on input line 105.

("/Users/adkiran/Library/Application Support/MiKTeX/texmfs/install/tex/latex/gr
aphics-def/pdftex.def"
File: pdftex.def 2020/10/05 v1.2a Graphics/color driver for pdftex
))
\Gin@req@height=\dimen156
\Gin@req@width=\dimen157
)
("/Users/adkiran/Library/Application Support/MiKTeX/texmfs/install/tex/latex/pg
f/systemlayer/pgfsys.sty"
("/Users/adkiran/Library/Application Support/MiKTeX/texmfs/install/tex/generic/
pgf/systemlayer/pgfsys.code.tex"
Package: pgfsys 2020/10/01 v3.1.6a (3.1.6a)

("/Users/adkiran/Library/Application Support/MiKTeX/texmfs/install/tex/generic/
pgf/utilities/pgfkeys.code.tex"
\pgfkeys@pathtoks=\toks27
\pgfkeys@temptoks=\toks28

("/Users/adkiran/Library/Application Support/MiKTeX/texmfs/install/tex/generic/
pgf/utilities/pgfkeysfiltered.code.tex"
\pgfkeys@tmptoks=\toks29
))
\pgf@x=\dimen158
\pgf@y=\dimen159
\pgf@xa=\dimen160
\pgf@ya=\dimen161
\pgf@xb=\dimen162
\pgf@yb=\dimen163
\pgf@xc=\dimen164
\pgf@yc=\dimen165
\pgf@xd=\dimen166
\pgf@yd=\dimen167
\w@pgf@writea=\write3
\r@pgf@reada=\read2
\c@pgf@counta=\count272
\c@pgf@countb=\count273
\c@pgf@countc=\count274
\c@pgf@countd=\count275
\t@pgf@toka=\toks30
\t@pgf@tokb=\toks31
\t@pgf@tokc=\toks32
\pgf@sys@id@count=\count276

("/Users/adkiran/Library/Application Support/MiKTeX/texmfs/install/tex/generic/
pgf/systemlayer/pgf.cfg"
File: pgf.cfg 2020/10/01 v3.1.6a (3.1.6a)
)
Driver file for pgf: pgfsys-pdftex.def

("/Users/adkiran/Library/Application Support/MiKTeX/texmfs/install/tex/generic/
pgf/systemlayer/pgfsys-pdftex.def"
File: pgfsys-pdftex.def 2020/10/01 v3.1.6a (3.1.6a)

("/Users/adkiran/Library/Application Support/MiKTeX/texmfs/install/tex/generic/
pgf/systemlayer/pgfsys-common-pdf.def"
File: pgfsys-common-pdf.def 2020/10/01 v3.1.6a (3.1.6a)
)))
("/Users/adkiran/Library/Application Support/MiKTeX/texmfs/install/tex/generic/
pgf/systemlayer/pgfsyssoftpath.code.tex"
File: pgfsyssoftpath.code.tex 2020/10/01 v3.1.6a (3.1.6a)
\pgfsyssoftpath@smallbuffer@items=\count277
\pgfsyssoftpath@bigbuffer@items=\count278
)
("/Users/adkiran/Library/Application Support/MiKTeX/texmfs/install/tex/generic/
pgf/systemlayer/pgfsysprotocol.code.tex"
File: pgfsysprotocol.code.tex 2020/10/01 v3.1.6a (3.1.6a)
))
("/Users/adkiran/Library/Application Support/MiKTeX/texmfs/install/tex/latex/xc
olor/xcolor.sty"
Package: xcolor 2016/05/11 v2.12 LaTeX color extensions (UK)

("/Users/adkiran/Library/Application Support/MiKTeX/texmfs/install/tex/latex/gr
aphics-cfg/color.cfg"
File: color.cfg 2016/01/02 v1.6 sample color configuration
)
Package xcolor Info: Driver file: pdftex.def on input line 225.
Package xcolor Info: Model `cmy' substituted by `cmy0' on input line 1348.
Package xcolor Info: Model `hsb' substituted by `rgb' on input line 1352.
Package xcolor Info: Model `RGB' extended on input line 1364.
Package xcolor Info: Model `HTML' substituted by `rgb' on input line 1366.
Package xcolor Info: Model `Hsb' substituted by `hsb' on input line 1367.
Package xcolor Info: Model `tHsb' substituted by `hsb' on input line 1368.
Package xcolor Info: Model `HSB' substituted by `hsb' on input line 1369.
Package xcolor Info: Model `Gray' substituted by `gray' on input line 1370.
Package xcolor Info: Model `wave' substituted by `hsb' on input line 1371.
)
("/Users/adkiran/Library/Application Support/MiKTeX/texmfs/install/tex/generic/
pgf/basiclayer/pgfcore.code.tex"
Package: pgfcore 2020/10/01 v3.1.6a (3.1.6a)

("/Users/adkiran/Library/Application Support/MiKTeX/texmfs/install/tex/generic/
pgf/math/pgfmath.code.tex"
("/Users/adkiran/Library/Application Support/MiKTeX/texmfs/install/tex/generic/
pgf/math/pgfmathcalc.code.tex"
("/Users/adkiran/Library/Application Support/MiKTeX/texmfs/install/tex/generic/
pgf/math/pgfmathutil.code.tex")
("/Users/adkiran/Library/Application Support/MiKTeX/texmfs/install/tex/generic/
pgf/math/pgfmathparser.code.tex"
\pgfmath@dimen=\dimen168
\pgfmath@count=\count279
\pgfmath@box=\box54
\pgfmath@toks=\toks33
\pgfmath@stack@operand=\toks34
\pgfmath@stack@operation=\toks35
)
("/Users/adkiran/Library/Application Support/MiKTeX/texmfs/install/tex/generic/
pgf/math/pgfmathfunctions.code.tex"
("/Users/adkiran/Library/Application Support/MiKTeX/texmfs/install/tex/generic/
pgf/math/pgfmathfunctions.basic.code.tex")
("/Users/adkiran/Library/Application Support/MiKTeX/texmfs/install/tex/generic/
pgf/math/pgfmathfunctions.trigonometric.code.tex")
("/Users/adkiran/Library/Application Support/MiKTeX/texmfs/install/tex/generic/
pgf/math/pgfmathfunctions.random.code.tex")
("/Users/adkiran/Library/Application Support/MiKTeX/texmfs/install/tex/generic/
pgf/math/pgfmathfunctions.comparison.code.tex")
("/Users/adkiran/Library/Application Support/MiKTeX/texmfs/install/tex/generic/
pgf/math/pgfmathfunctions.base.code.tex")
("/Users/adkiran/Library/Application Support/MiKTeX/texmfs/install/tex/generic/
pgf/math/pgfmathfunctions.round.code.tex")
("/Users/adkiran/Library/Application Support/MiKTeX/texmfs/install/tex/generic/
pgf/math/pgfmathfunctions.misc.code.tex")
("/Users/adkiran/Library/Application Support/MiKTeX/texmfs/install/tex/generic/
pgf/math/pgfmathfunctions.integerarithmetics.code.tex")))
("/Users/adkiran/Library/Application Support/MiKTeX/texmfs/install/tex/generic/
pgf/math/pgfmathfloat.code.tex"
\c@pgfmathroundto@lastzeros=\count280
))
("/Users/adkiran/Library/Application Support/MiKTeX/texmfs/install/tex/generic/
pgf/math/pgfint.code.tex")
("/Users/adkiran/Library/Application Support/MiKTeX/texmfs/install/tex/generic/
pgf/basiclayer/pgfcorepoints.code.tex"
File: pgfcorepoints.code.tex 2020/10/01 v3.1.6a (3.1.6a)
\pgf@picminx=\dimen169
\pgf@picmaxx=\dimen170
\pgf@picminy=\dimen171
\pgf@picmaxy=\dimen172
\pgf@pathminx=\dimen173
\pgf@pathmaxx=\dimen174
\pgf@pathminy=\dimen175
\pgf@pathmaxy=\dimen176
\pgf@xx=\dimen177
\pgf@xy=\dimen178
\pgf@yx=\dimen179
\pgf@yy=\dimen180
\pgf@zx=\dimen181
\pgf@zy=\dimen182
)
("/Users/adkiran/Library/Application Support/MiKTeX/texmfs/install/tex/generic/
pgf/basiclayer/pgfcorepathconstruct.code.tex"
File: pgfcorepathconstruct.code.tex 2020/10/01 v3.1.6a (3.1.6a)
\pgf@path@lastx=\dimen183
\pgf@path@lasty=\dimen184
)
("/Users/adkiran/Library/Application Support/MiKTeX/texmfs/install/tex/generic/
pgf/basiclayer/pgfcorepathusage.code.tex"
File: pgfcorepathusage.code.tex 2020/10/01 v3.1.6a (3.1.6a)
\pgf@shorten@end@additional=\dimen185
\pgf@shorten@start@additional=\dimen186
)
("/Users/adkiran/Library/Application Support/MiKTeX/texmfs/install/tex/generic/
pgf/basiclayer/pgfcorescopes.code.tex"
File: pgfcorescopes.code.tex 2020/10/01 v3.1.6a (3.1.6a)
\pgfpic=\box55
\pgf@hbox=\box56
\pgf@layerbox@main=\box57
\pgf@picture@serial@count=\count281
)
("/Users/adkiran/Library/Application Support/MiKTeX/texmfs/install/tex/generic/
pgf/basiclayer/pgfcoregraphicstate.code.tex"
File: pgfcoregraphicstate.code.tex 2020/10/01 v3.1.6a (3.1.6a)
\pgflinewidth=\dimen187
)
("/Users/adkiran/Library/Application Support/MiKTeX/texmfs/install/tex/generic/
pgf/basiclayer/pgfcoretransformations.code.tex"
File: pgfcoretransformations.code.tex 2020/10/01 v3.1.6a (3.1.6a)
\pgf@pt@x=\dimen188
\pgf@pt@y=\dimen189
\pgf@pt@temp=\dimen190
)
("/Users/adkiran/Library/Application Support/MiKTeX/texmfs/install/tex/generic/
pgf/basiclayer/pgfcorequick.code.tex"
File: pgfcorequick.code.tex 2020/10/01 v3.1.6a (3.1.6a)
)
("/Users/adkiran/Library/Application Support/MiKTeX/texmfs/install/tex/generic/
pgf/basiclayer/pgfcoreobjects.code.tex"
File: pgfcoreobjects.code.tex 2020/10/01 v3.1.6a (3.1.6a)
)
("/Users/adkiran/Library/Application Support/MiKTeX/texmfs/install/tex/generic/
pgf/basiclayer/pgfcorepathprocessing.code.tex"
File: pgfcorepathprocessing.code.tex 2020/10/01 v3.1.6a (3.1.6a)
)
("/Users/adkiran/Library/Application Support/MiKTeX/texmfs/install/tex/generic/
pgf/basiclayer/pgfcorearrows.code.tex"
File: pgfcorearrows.code.tex 2020/10/01 v3.1.6a (3.1.6a)
\pgfarrowsep=\dimen191
)
("/Users/adkiran/Library/Application Support/MiKTeX/texmfs/install/tex/generic/
pgf/basiclayer/pgfcoreshade.code.tex"
File: pgfcoreshade.code.tex 2020/10/01 v3.1.6a (3.1.6a)
\pgf@max=\dimen192
\pgf@sys@shading@range@num=\count282
\pgf@shadingcount=\count283
)
("/Users/adkiran/Library/Application Support/MiKTeX/texmfs/install/tex/generic/
pgf/basiclayer/pgfcoreimage.code.tex"
File: pgfcoreimage.code.tex 2020/10/01 v3.1.6a (3.1.6a)

("/Users/adkiran/Library/Application Support/MiKTeX/texmfs/install/tex/generic/
pgf/basiclayer/pgfcoreexternal.code.tex"
File: pgfcoreexternal.code.tex 2020/10/01 v3.1.6a (3.1.6a)
\pgfexternal@startupbox=\box58
))
("/Users/adkiran/Library/Application Support/MiKTeX/texmfs/install/tex/generic/
pgf/basiclayer/pgfcorelayers.code.tex"
File: pgfcorelayers.code.tex 2020/10/01 v3.1.6a (3.1.6a)
)
("/Users/adkiran/Library/Application Support/MiKTeX/texmfs/install/tex/generic/
pgf/basiclayer/pgfcoretransparency.code.tex"
File: pgfcoretransparency.code.tex 2020/10/01 v3.1.6a (3.1.6a)
)
("/Users/adkiran/Library/Application Support/MiKTeX/texmfs/install/tex/generic/
pgf/basiclayer/pgfcorepatterns.code.tex"
File: pgfcorepatterns.code.tex 2020/10/01 v3.1.6a (3.1.6a)
)
("/Users/adkiran/Library/Application Support/MiKTeX/texmfs/install/tex/generic/
pgf/basiclayer/pgfcorerdf.code.tex"
File: pgfcorerdf.code.tex 2020/10/01 v3.1.6a (3.1.6a)
)))
("/Users/adkiran/Library/Application Support/MiKTeX/texmfs/install/tex/generic/
pgf/modules/pgfmoduleshapes.code.tex"
File: pgfmoduleshapes.code.tex 2020/10/01 v3.1.6a (3.1.6a)
\pgfnodeparttextbox=\box59
)
("/Users/adkiran/Library/Application Support/MiKTeX/texmfs/install/tex/generic/
pgf/modules/pgfmoduleplot.code.tex"
File: pgfmoduleplot.code.tex 2020/10/01 v3.1.6a (3.1.6a)
)
("/Users/adkiran/Library/Application Support/MiKTeX/texmfs/install/tex/latex/pg
f/compatibility/pgfcomp-version-0-65.sty"
Package: pgfcomp-version-0-65 2020/10/01 v3.1.6a (3.1.6a)
\pgf@nodesepstart=\dimen193
\pgf@nodesepend=\dimen194
)
("/Users/adkiran/Library/Application Support/MiKTeX/texmfs/install/tex/latex/pg
f/compatibility/pgfcomp-version-1-18.sty"
Package: pgfcomp-version-1-18 2020/10/01 v3.1.6a (3.1.6a)
))
("/Users/adkiran/Library/Application Support/MiKTeX/texmfs/install/tex/latex/la
tex-tools/verbatim.sty"
Package: verbatim 2020-07-07 v1.5u LaTeX2e package for verbatim enhancements
\every@verbatim=\toks36
\verbatim@line=\toks37
\verbatim@in@stream=\read3
)
("/Users/adkiran/Library/Application Support/MiKTeX/texmfs/install/tex/latex/en
viron/environ.sty"
Package: environ 2014/05/04 v0.3 A new way to define environments

("/Users/adkiran/Library/Application Support/MiKTeX/texmfs/install/tex/latex/tr
imspaces/trimspaces.sty"
Package: trimspaces 2009/09/17 v1.1 Trim spaces around a token list
))
("/Users/adkiran/Library/Application Support/MiKTeX/texmfs/install/tex/latex/et
oolbox/etoolbox.sty"
Package: etoolbox 2020/10/05 v2.5k e-TeX tools for LaTeX (JAW)
\etb@tempcnta=\count284
)
\tcb@titlebox=\box60
\tcb@upperbox=\box61
\tcb@lowerbox=\box62
\tcb@phantombox=\box63
\c@tcbbreakpart=\count285
\c@tcblayer=\count286
\c@tcolorbox@number=\count287
\tcb@temp=\box64
\tcb@temp=\box65
\tcb@temp=\box66
\tcb@temp=\box67
\tcb@out=\write4
\tcb@record@out=\write5
)
("/Users/adkiran/Library/Application Support/MiKTeX/texmfs/install/tex/latex/ca
ption/caption.sty"
Package: caption 2020/10/26 v3.5g Customizing captions (AR)

("/Users/adkiran/Library/Application Support/MiKTeX/texmfs/install/tex/latex/ca
ption/caption3.sty"
Package: caption3 2020/10/21 v2.2e caption3 kernel (AR)
\captionmargin=\dimen195
\captionmargin@=\dimen196
\captionwidth=\dimen197
\caption@tempdima=\dimen198
\caption@indent=\dimen199
\caption@parindent=\dimen256
\caption@hangindent=\dimen257
Package caption Info: Standard document class detected.
)
\c@caption@flags=\count288
\c@continuedfloat=\count289
Package caption Info: float package is loaded.
Package caption Info: hyperref package is loaded.
)
("/Users/adkiran/Library/Application Support/MiKTeX/texmfs/install/tex/latex/ca
ption/subcaption.sty"
Package: subcaption 2020/10/07 v1.3j Sub-captions (AR)
\c@subfigure=\count290
\c@subtable=\count291
)
("/Users/adkiran/Library/Application Support/MiKTeX/texmfs/install/tex/latex/tc
olorbox/tcbtheorems.code.tex"
Library (tcolorbox): 'tcbtheorems.code.tex' version '4.42'
)
\c@tcb@cnt@mytheo=\count292
 (ak-preamble.tex)
("/Users/adkiran/Library/Application Support/MiKTeX/texmfs/install/tex/latex/l3
backend/l3backend-pdftex.def"
File: l3backend-pdftex.def 2020-09-24 L3 backend support: PDF output (pdfTeX)
\l__kernel_color_stack_int=\count293
\l__pdf_internal_box=\box68
)

LaTeX Warning: Unused global option(s):
    [11].

(value_based_recomm.aux)
\openout1 = `value_based_recomm.aux'.

LaTeX Font Info:    Checking defaults for OML/cmm/m/it on input line 24.
LaTeX Font Info:    ... okay on input line 24.
LaTeX Font Info:    Checking defaults for OMS/cmsy/m/n on input line 24.
LaTeX Font Info:    ... okay on input line 24.
LaTeX Font Info:    Checking defaults for OT1/cmr/m/n on input line 24.
LaTeX Font Info:    ... okay on input line 24.
LaTeX Font Info:    Checking defaults for T1/cmr/m/n on input line 24.
LaTeX Font Info:    ... okay on input line 24.
LaTeX Font Info:    Checking defaults for TS1/cmr/m/n on input line 24.
LaTeX Font Info:    ... okay on input line 24.
LaTeX Font Info:    Checking defaults for OMX/cmex/m/n on input line 24.
LaTeX Font Info:    ... okay on input line 24.
LaTeX Font Info:    Checking defaults for U/cmr/m/n on input line 24.
LaTeX Font Info:    ... okay on input line 24.
LaTeX Font Info:    Checking defaults for PD1/pdf/m/n on input line 24.
LaTeX Font Info:    ... okay on input line 24.
Package hyperref Info: Link coloring ON on input line 24.

("/Users/adkiran/Library/Application Support/MiKTeX/texmfs/install/tex/latex/hy
perref/nameref.sty"
Package: nameref 2019/09/16 v2.46 Cross-referencing by name of section

("/Users/adkiran/Library/Application Support/MiKTeX/texmfs/install/tex/latex/re
fcount/refcount.sty"
Package: refcount 2019/12/15 v3.6 Data extraction from label references (HO)
)
("/Users/adkiran/Library/Application Support/MiKTeX/texmfs/install/tex/generic/
gettitlestring/gettitlestring.sty"
Package: gettitlestring 2019/12/15 v1.6 Cleanup title references (HO)
)
\c@section@level=\count294
)
LaTeX Info: Redefining \ref on input line 24.
LaTeX Info: Redefining \pageref on input line 24.
LaTeX Info: Redefining \nameref on input line 24.
 (value_based_recomm.out)
(value_based_recomm.out)
\@outlinefile=\write6
\openout6 = `value_based_recomm.out'.

 ABD: EverySelectfont initializing macros
LaTeX Info: Redefining \selectfont on input line 24.

("/Users/adkiran/Library/Application Support/MiKTeX/texmfs/install/tex/context/
base/mkii/supp-pdf.mkii"
[Loading MPS to PDF converter (version 2006.09.02).]
\scratchcounter=\count295
\scratchdimen=\dimen258
\scratchbox=\box69
\nofMPsegments=\count296
\nofMParguments=\count297
\everyMPshowfont=\toks38
\MPscratchCnt=\count298
\MPscratchDim=\dimen259
\MPnumerator=\count299
\makeMPintoPDFobject=\count300
\everyMPtoPDFconversion=\toks39
)
("/Users/adkiran/Library/Application Support/MiKTeX/texmfs/install/tex/latex/ep
stopdf-pkg/epstopdf-base.sty"
Package: epstopdf-base 2020-01-24 v2.11 Base part for package epstopdf
Package epstopdf-base Info: Redefining graphics rule for `.eps' on input line 4
85.
)
Package caption Info: Begin \AtBeginDocument code.
Package caption Info: End \AtBeginDocument code.
LaTeX Font Info:    Trying to load font information for U+msa on input line 26.


("/Users/adkiran/Library/Application Support/MiKTeX/texmfs/install/tex/latex/am
sfonts/umsa.fd"
File: umsa.fd 2013/01/14 v3.01 AMS symbols A
)
LaTeX Font Info:    Trying to load font information for U+msb on input line 26.


("/Users/adkiran/Library/Application Support/MiKTeX/texmfs/install/tex/latex/am
sfonts/umsb.fd"
File: umsb.fd 2013/01/14 v3.01 AMS symbols B
) [1

{/Users/adkiran/Library/Application Support/MiKTeX/texmfs/data/pdftex/config/pd
ftex.map}] [2]
<images/value_abs_recomm.png, id=60, 523.9575pt x 397.485pt>
File: images/value_abs_recomm.png Graphic file (type png)
<use images/value_abs_recomm.png>
Package pdftex.def Info: images/value_abs_recomm.png  used on input line 113.
(pdftex.def)             Requested size: 170.77478pt x 129.55106pt.

Overfull \hbox (15.52583pt too wide) in paragraph at lines 113--114
 [][] 
 []

<images/value_weight_recomm.png, id=62, 523.9575pt x 397.485pt>
File: images/value_weight_recomm.png Graphic file (type png)
<use images/value_weight_recomm.png>
Package pdftex.def Info: images/value_weight_recomm.png  used on input line 119
.
(pdftex.def)             Requested size: 170.77478pt x 129.55106pt.

Overfull \hbox (15.52583pt too wide) in paragraph at lines 119--120
 [][] 
 []

<images/cossim_recomm.png, id=63, 507.8975pt x 397.485pt>
File: images/cossim_recomm.png Graphic file (type png)
<use images/cossim_recomm.png>
Package pdftex.def Info: images/cossim_recomm.png  used on input line 124.
(pdftex.def)             Requested size: 169.0519pt x 132.29857pt.
<images/example.png, id=64, 625.33624pt x 315.1775pt>
File: images/example.png Graphic file (type png)
<use images/example.png>
Package pdftex.def Info: images/example.png  used on input line 131.
(pdftex.def)             Requested size: 379.5021pt x 191.2769pt.

Overfull \hbox (34.5021pt too wide) in paragraph at lines 131--131
 [] 
 []

[3 <./images/value_abs_recomm.png> <./images/value_weight_recomm.png> <./images
/cossim_recomm.png>] [4 <./images/example.png>] (value_based_recomm.aux)
Package rerunfilecheck Info: File `value_based_recomm.out' has not changed.
(rerunfilecheck)             Checksum: 48E6DB1E977CC84AC4D37AE452D074A4;228.
 ) 
Here is how much of TeX's memory you used:
 17477 strings out of 482170
 344043 string characters out of 2929757
 612814 words of memory out of 3000000
 33433 multiletter control sequences out of 15000+200000
 544870 words of font info for 67 fonts, out of 3000000 for 9000
 0 hyphenation exceptions out of 8191
 107i,10n,111p,476b,532s stack positions out of 5000i,500n,10000p,200000b,50000s
 </Users/adkiran/Library/Application Support/MiKTeX/texmfs/data/fonts/pk/ljfo
ur/jknappen/ec/dpi600/tcrm1000.pk></Users/adkiran/Library/Application Support/M
iKTeX/texmfs/install/fonts/type1/public/amsfonts/cm/cmbx10.pfb></Users/adkiran/
Library/Application Support/MiKTeX/texmfs/install/fonts/type1/public/amsfonts/c
m/cmbx12.pfb></Users/adkiran/Library/Application Support/MiKTeX/texmfs/install/
fonts/type1/public/amsfonts/cm/cmex10.pfb></Users/adkiran/Library/Application S
upport/MiKTeX/texmfs/install/fonts/type1/public/amsfonts/cm/cmmi10.pfb></Users/
adkiran/Library/Application Support/MiKTeX/texmfs/install/fonts/type1/public/am
sfonts/cm/cmmi5.pfb></Users/adkiran/Library/Application Support/MiKTeX/texmfs/i
nstall/fonts/type1/public/amsfonts/cm/cmmi7.pfb></Users/adkiran/Library/Applica
tion Support/MiKTeX/texmfs/install/fonts/type1/public/amsfonts/cm/cmmi9.pfb></U
sers/adkiran/Library/Application Support/MiKTeX/texmfs/install/fonts/type1/publ
ic/amsfonts/cm/cmr10.pfb></Users/adkiran/Library/Application Support/MiKTeX/tex
mfs/install/fonts/type1/public/amsfonts/cm/cmr12.pfb></Users/adkiran/Library/Ap
plication Support/MiKTeX/texmfs/install/fonts/type1/public/amsfonts/cm/cmr17.pf
b></Users/adkiran/Library/Application Support/MiKTeX/texmfs/install/fonts/type1
/public/amsfonts/cm/cmr5.pfb></Users/adkiran/Library/Application Support/MiKTeX
/texmfs/install/fonts/type1/public/amsfonts/cm/cmr7.pfb></Users/adkiran/Library
/Application Support/MiKTeX/texmfs/install/fonts/type1/public/amsfonts/cm/cmr9.
pfb></Users/adkiran/Library/Application Support/MiKTeX/texmfs/install/fonts/typ
e1/public/amsfonts/cm/cmsy10.pfb></Users/adkiran/Library/Application Support/Mi
KTeX/texmfs/install/fonts/type1/public/amsfonts/cm/cmsy5.pfb></Users/adkiran/Li
brary/Application Support/MiKTeX/texmfs/install/fonts/type1/public/amsfonts/cm/
cmsy7.pfb></Users/adkiran/Library/Application Support/MiKTeX/texmfs/install/fon
ts/type1/public/amsfonts/cm/cmsy9.pfb></Users/adkiran/Library/Application Suppo
rt/MiKTeX/texmfs/install/fonts/type1/public/amsfonts/cm/cmti10.pfb></Users/adki
ran/Library/Application Support/MiKTeX/texmfs/install/fonts/type1/public/amsfon
ts/symbols/msbm10.pfb>
Output written on value_based_recomm.pdf (4 pages, 275052 bytes).
PDF statistics:
 153 PDF objects out of 1000 (max. 8388607)
 20 named destinations out of 1000 (max. 500000)
 73 words of extra memory for PDF output out of 10000 (max. 10000000)

